<?xml version="1.0" encoding="UTF-8"?>
<!-- Generated by org.testng.reporters.JUnitXMLReporter -->
<testsuite ignored="0" hostname="LAPTOP-9FGJ2RIT" failures="0" tests="10" name="Surefire test" time="47.144" errors="0" timestamp="2025-10-23T14:36:00 IST">
  <testcase classname="com.cognizant.session.third_batch_java.ForDependentTestExampleTest" name="depand" time="0.007"/>
  <testcase classname="com.cognizant.session.third_batch_java.LogTest" name="depand" time="0.005">
    <skipped/>
  </testcase> <!-- depand -->
  <testcase classname="com.cognizant.session.third_batch_java.LogTest" name="forgot" time="0.003"/>
  <testcase classname="com.cognizant.session.third_batch_java.LogTest" name="signUp" time="0.003"/>
  <testcase classname="com.cognizant.session.third_batch_java.LogTest" name="loginTest" time="0.001"/>
  <testcase classname="tests.LoginTest" name="loginTest" time="0.479"/>
  <testcase classname="tests.LoginTest" name="loginTestTwo" time="0.226"/>
  <testcase classname="tests.TestAmazonSearchFun" name="testSearchBar" time="8.531"/>
  <testcase classname="tests.TestAmazonSearchFun" name="testSearchBar" time="8.732"/>
  <testcase classname="tests.TestAmazonSearchFun" name="testSearchBar" time="10.839"/>
</testsuite> <!-- Surefire test -->
