<?xml version="1.0" encoding="UTF-8"?>
<!-- Generated by org.testng.reporters.JUnitXMLReporter -->
<testsuite ignored="0" hostname="LAPTOP-9FGJ2RIT" failures="0" tests="7" name="Default test" time="1.018" errors="0" timestamp="2025-10-23T14:41:22 IST">
  <testcase classname="com.cognizant.session.third_batch_java.LoginTest" name="testLogin" time="0.074"/>
  <testcase classname="com.cognizant.session.third_batch_java.LoginTest" name="testLogin" time="0.07"/>
  <testcase classname="com.cognizant.session.third_batch_java.LoginTest" name="testLogin" time="0.048"/>
  <testcase classname="com.cognizant.session.third_batch_java.LoginTest" name="testLogin" time="0.047"/>
  <testcase classname="com.cognizant.session.third_batch_java.LoginTest" name="testLogin" time="0.057"/>
  <testcase classname="com.cognizant.session.third_batch_java.LoginTest" name="testLogin" time="0.081"/>
  <testcase classname="com.cognizant.session.third_batch_java.LoginTest" name="testLogin" time="0.079"/>
</testsuite> <!-- Default test -->
