<?xml version="1.0" encoding="UTF-8"?>
<!-- Generated by org.testng.reporters.JUnitXMLReporter -->
<testsuite ignored="0" hostname="LAPTOP-9FGJ2RIT" failures="0" tests="3" name="Default test" time="173.669" errors="0" timestamp="2025-10-16T22:09:48 IST">
  <testcase classname="tests.TestAmazonSearchFun" name="testSearchBar" time="44.084"/>
  <testcase classname="tests.TestAmazonSearchFun" name="testSearchBar" time="38.002"/>
  <testcase classname="tests.TestAmazonSearchFun" name="testSearchBar" time="91.095"/>
</testsuite> <!-- Default test -->
