<?xml version="1.0" encoding="UTF-8"?>
<testng-results ignored="0" total="10" passed="9" failed="0" skipped="1">
  <reporter-output>
  </reporter-output>
  <suite started-at="2025-10-23T14:35:13 IST" name="Surefire suite" finished-at="2025-10-23T14:36:00 IST" duration-ms="47144">
    <groups>
      <group name="Car">
        <method signature="LogTest.forgot()[pri:0, instance:com.cognizant.session.third_batch_java.LogTest@19bb07ed]" name="forgot" class="com.cognizant.session.third_batch_java.LogTest"/>
      </group> <!-- Car -->
    </groups>
    <test started-at="2025-10-23T14:35:13 IST" name="Surefire test" finished-at="2025-10-23T14:36:00 IST" duration-ms="47144">
      <class name="tests.LoginTest">
        <test-method is-config="true" signature="setUp(org.testng.ITestContext)[pri:0, instance:tests.LoginTest@10e41621]" started-at="2025-10-23T14:35:20 IST" name="setUp" finished-at="2025-10-23T14:35:24 IST" duration-ms="4215" status="PASS">
          <params>
            <param index="0">
              <value>
                <![CDATA[org.testng.TestRunner@fe34b86]]>
              </value>
            </param>
          </params>
          <reporter-output>
          </reporter-output>
        </test-method> <!-- setUp -->
        <test-method signature="loginTest()[pri:0, instance:tests.LoginTest@10e41621]" started-at="2025-10-23T14:35:24 IST" name="loginTest" finished-at="2025-10-23T14:35:25 IST" duration-ms="479" status="PASS">
          <reporter-output>
          </reporter-output>
        </test-method> <!-- loginTest -->
        <test-method is-config="true" signature="tearDown()[pri:0, instance:tests.LoginTest@10e41621]" started-at="2025-10-23T14:35:25 IST" name="tearDown" finished-at="2025-10-23T14:35:26 IST" duration-ms="1314" status="PASS">
          <reporter-output>
          </reporter-output>
        </test-method> <!-- tearDown -->
        <test-method is-config="true" signature="setUp(org.testng.ITestContext)[pri:0, instance:tests.LoginTest@10e41621]" started-at="2025-10-23T14:35:26 IST" name="setUp" finished-at="2025-10-23T14:35:30 IST" duration-ms="3539" status="PASS">
          <params>
            <param index="0">
              <value>
                <![CDATA[org.testng.TestRunner@fe34b86]]>
              </value>
            </param>
          </params>
          <reporter-output>
          </reporter-output>
        </test-method> <!-- setUp -->
        <test-method signature="loginTestTwo()[pri:0, instance:tests.LoginTest@10e41621]" started-at="2025-10-23T14:35:30 IST" name="loginTestTwo" finished-at="2025-10-23T14:35:30 IST" duration-ms="226" status="PASS">
          <reporter-output>
          </reporter-output>
        </test-method> <!-- loginTestTwo -->
        <test-method is-config="true" signature="tearDown()[pri:0, instance:tests.LoginTest@10e41621]" started-at="2025-10-23T14:35:30 IST" name="tearDown" finished-at="2025-10-23T14:35:31 IST" duration-ms="1389" status="PASS">
          <reporter-output>
          </reporter-output>
        </test-method> <!-- tearDown -->
      </class> <!-- tests.LoginTest -->
      <class name="tests.TestAmazonSearchFun">
        <test-method signature="testSearchBar(java.lang.String,java.lang.String)[pri:0, instance:tests.TestAmazonSearchFun@353d0772]" started-at="2025-10-23T14:35:32 IST" name="testSearchBar" data-provider="data" finished-at="2025-10-23T14:35:41 IST" duration-ms="8531" status="PASS">
          <params>
            <param index="0">
              <value>
                <![CDATA[Laptops]]>
              </value>
            </param>
            <param index="1">
              <value>
                <![CDATA[laptops]]>
              </value>
            </param>
          </params>
          <reporter-output>
          </reporter-output>
        </test-method> <!-- testSearchBar -->
        <test-method signature="testSearchBar(java.lang.String,java.lang.String)[pri:0, instance:tests.TestAmazonSearchFun@353d0772]" started-at="2025-10-23T14:35:41 IST" name="testSearchBar" data-provider="data" finished-at="2025-10-23T14:35:49 IST" duration-ms="8732" status="PASS">
          <params>
            <param index="0">
              <value>
                <![CDATA[Mobiles ]]>
              </value>
            </param>
            <param index="1">
              <value>
                <![CDATA[mobiles]]>
              </value>
            </param>
          </params>
          <reporter-output>
          </reporter-output>
        </test-method> <!-- testSearchBar -->
        <test-method signature="testSearchBar(java.lang.String,java.lang.String)[pri:0, instance:tests.TestAmazonSearchFun@353d0772]" started-at="2025-10-23T14:35:49 IST" name="testSearchBar" data-provider="data" finished-at="2025-10-23T14:36:00 IST" duration-ms="10839" status="PASS">
          <params>
            <param index="0">
              <value>
                <![CDATA[Watches]]>
              </value>
            </param>
            <param index="1">
              <value>
                <![CDATA[watches]]>
              </value>
            </param>
          </params>
          <reporter-output>
          </reporter-output>
        </test-method> <!-- testSearchBar -->
      </class> <!-- tests.TestAmazonSearchFun -->
      <class name="com.cognizant.session.third_batch_java.LogTest">
        <test-method is-config="true" signature="setUp()[pri:0, instance:com.cognizant.session.third_batch_java.LogTest@19bb07ed]" started-at="2025-10-23T14:35:13 IST" name="setUp" finished-at="2025-10-23T14:35:19 IST" duration-ms="5611" status="PASS">
          <reporter-output>
          </reporter-output>
        </test-method> <!-- setUp -->
        <test-method signature="depand()[pri:0, instance:com.cognizant.session.third_batch_java.LogTest@19bb07ed]" started-at="2025-10-23T14:35:19 IST" name="depand" finished-at="2025-10-23T14:35:19 IST" duration-ms="5" status="SKIP">
          <exception class="org.testng.SkipException">
            <message>
              <![CDATA[Skipping this Test case as it is Google home page]]>
            </message>
            <full-stacktrace>
              <![CDATA[org.testng.SkipException: Skipping this Test case as it is Google home page
at com.cognizant.session.third_batch_java.LogTest.depand(LogTest.java:35)
at java.base/jdk.internal.reflect.DirectMethodHandleAccessor.invoke(DirectMethodHandleAccessor.java:103)
at java.base/java.lang.reflect.Method.invoke(Method.java:580)
at org.testng.internal.invokers.MethodInvocationHelper.invokeMethod(MethodInvocationHelper.java:139)
at org.testng.internal.invokers.TestInvoker.invokeMethod(TestInvoker.java:664)
at org.testng.internal.invokers.TestInvoker.invokeTestMethod(TestInvoker.java:228)
at org.testng.internal.invokers.MethodRunner.runInSequence(MethodRunner.java:63)
at org.testng.internal.invokers.TestInvoker$MethodInvocationAgent.invoke(TestInvoker.java:961)
at org.testng.internal.invokers.TestInvoker.invokeTestMethods(TestInvoker.java:201)
at org.testng.internal.invokers.TestMethodWorker.invokeTestMethods(TestMethodWorker.java:148)
at org.testng.internal.invokers.TestMethodWorker.run(TestMethodWorker.java:128)
at java.base/java.util.ArrayList.forEach(ArrayList.java:1596)
at org.testng.TestRunner.privateRun(TestRunner.java:819)
at org.testng.TestRunner.run(TestRunner.java:619)
at org.testng.SuiteRunner.runTest(SuiteRunner.java:443)
at org.testng.SuiteRunner.runSequentially(SuiteRunner.java:437)
at org.testng.SuiteRunner.privateRun(SuiteRunner.java:397)
at org.testng.SuiteRunner.run(SuiteRunner.java:336)
at org.testng.SuiteRunnerWorker.runSuite(SuiteRunnerWorker.java:52)
at org.testng.SuiteRunnerWorker.run(SuiteRunnerWorker.java:95)
at org.testng.TestNG.runSuitesSequentially(TestNG.java:1301)
at org.testng.TestNG.runSuitesLocally(TestNG.java:1228)
at org.testng.TestNG.runSuites(TestNG.java:1134)
at org.testng.TestNG.run(TestNG.java:1101)
at org.apache.maven.surefire.testng.TestNGExecutor.run(TestNGExecutor.java:155)
at org.apache.maven.surefire.testng.TestNGDirectoryTestSuite.executeMulti(TestNGDirectoryTestSuite.java:169)
at org.apache.maven.surefire.testng.TestNGDirectoryTestSuite.execute(TestNGDirectoryTestSuite.java:88)
at org.apache.maven.surefire.testng.TestNGProvider.invoke(TestNGProvider.java:137)
at org.apache.maven.surefire.booter.ForkedBooter.runSuitesInProcess(ForkedBooter.java:385)
at org.apache.maven.surefire.booter.ForkedBooter.execute(ForkedBooter.java:162)
at org.apache.maven.surefire.booter.ForkedBooter.run(ForkedBooter.java:507)
at org.apache.maven.surefire.booter.ForkedBooter.main(ForkedBooter.java:495)
]]>
            </full-stacktrace>
          </exception> <!-- org.testng.SkipException -->
          <reporter-output>
          </reporter-output>
        </test-method> <!-- depand -->
        <test-method signature="forgot()[pri:0, instance:com.cognizant.session.third_batch_java.LogTest@19bb07ed]" started-at="2025-10-23T14:35:19 IST" name="forgot" finished-at="2025-10-23T14:35:19 IST" duration-ms="3" status="PASS">
          <reporter-output>
          </reporter-output>
        </test-method> <!-- forgot -->
        <test-method signature="signUp()[pri:1, instance:com.cognizant.session.third_batch_java.LogTest@19bb07ed]" started-at="2025-10-23T14:35:19 IST" name="signUp" finished-at="2025-10-23T14:35:19 IST" duration-ms="3" status="PASS">
          <reporter-output>
          </reporter-output>
        </test-method> <!-- signUp -->
        <test-method signature="loginTest()[pri:2, instance:com.cognizant.session.third_batch_java.LogTest@19bb07ed]" started-at="2025-10-23T14:35:19 IST" name="loginTest" finished-at="2025-10-23T14:35:19 IST" duration-ms="1" status="PASS">
          <reporter-output>
          </reporter-output>
        </test-method> <!-- loginTest -->
        <test-method is-config="true" signature="tearDown()[pri:0, instance:com.cognizant.session.third_batch_java.LogTest@19bb07ed]" started-at="2025-10-23T14:35:19 IST" name="tearDown" finished-at="2025-10-23T14:35:20 IST" duration-ms="1438" status="PASS">
          <reporter-output>
          </reporter-output>
        </test-method> <!-- tearDown -->
      </class> <!-- com.cognizant.session.third_batch_java.LogTest -->
      <class name="com.cognizant.session.third_batch_java.ForDependentTestExampleTest">
        <test-method signature="depand()[pri:0, instance:com.cognizant.session.third_batch_java.ForDependentTestExampleTest@e056f20]" started-at="2025-10-23T14:35:13 IST" name="depand" finished-at="2025-10-23T14:35:13 IST" duration-ms="7" status="PASS">
          <reporter-output>
          </reporter-output>
        </test-method> <!-- depand -->
      </class> <!-- com.cognizant.session.third_batch_java.ForDependentTestExampleTest -->
    </test> <!-- Surefire test -->
  </suite> <!-- Surefire suite -->
</testng-results>
