<?xml version="1.0" encoding="UTF-8"?>
<testng-results ignored="0" total="10" passed="9" failed="0" skipped="1">
  <reporter-output>
  </reporter-output>
  <suite started-at="2025-10-25T21:10:02 IST" name="testSuite" finished-at="2025-10-25T21:10:22 IST" duration-ms="19456">
    <groups>
      <group name="Car">
        <method signature="LogTest.forgot()[pri:0, instance:com.cognizant.session.third_batch_java.LogTest@7dc0f706]" name="forgot" class="com.cognizant.session.third_batch_java.LogTest"/>
      </group> <!-- Car -->
    </groups>
    <test started-at="2025-10-25T21:10:02 IST" name="FSTTests" finished-at="2025-10-25T21:10:22 IST" duration-ms="19456">
      <class name="com.cognizant.session.third_batch_java.LoginTest">
        <test-method signature="testLogin(java.lang.String,java.lang.String)[pri:0, instance:com.cognizant.session.third_batch_java.LoginTest@3d34d211]" started-at="2025-10-25T21:10:17 IST" name="testLogin" data-provider="browser" finished-at="2025-10-25T21:10:17 IST" duration-ms="6" status="PASS">
          <params>
            <param index="0">
              <value>
                <![CDATA[a]]>
              </value>
            </param>
            <param index="1">
              <value>
                <![CDATA[b]]>
              </value>
            </param>
          </params>
          <reporter-output>
          </reporter-output>
        </test-method> <!-- testLogin -->
        <test-method signature="testLogin(java.lang.String,java.lang.String)[pri:0, instance:com.cognizant.session.third_batch_java.LoginTest@3d34d211]" started-at="2025-10-25T21:10:17 IST" name="testLogin" data-provider="browser" finished-at="2025-10-25T21:10:17 IST" duration-ms="4" status="PASS">
          <params>
            <param index="0">
              <value>
                <![CDATA[a]]>
              </value>
            </param>
            <param index="1">
              <value>
                <![CDATA[b]]>
              </value>
            </param>
          </params>
          <reporter-output>
          </reporter-output>
        </test-method> <!-- testLogin -->
        <test-method signature="testLogin(java.lang.String,java.lang.String)[pri:0, instance:com.cognizant.session.third_batch_java.LoginTest@3d34d211]" started-at="2025-10-25T21:10:17 IST" name="testLogin" data-provider="browser" finished-at="2025-10-25T21:10:17 IST" duration-ms="4" status="PASS">
          <params>
            <param index="0">
              <value>
                <![CDATA[a]]>
              </value>
            </param>
            <param index="1">
              <value>
                <![CDATA[b]]>
              </value>
            </param>
          </params>
          <reporter-output>
          </reporter-output>
        </test-method> <!-- testLogin -->
        <test-method signature="testLogin(java.lang.String,java.lang.String)[pri:0, instance:com.cognizant.session.third_batch_java.LoginTest@3d34d211]" started-at="2025-10-25T21:10:17 IST" name="testLogin" data-provider="browser" finished-at="2025-10-25T21:10:17 IST" duration-ms="4" status="PASS">
          <params>
            <param index="0">
              <value>
                <![CDATA[a]]>
              </value>
            </param>
            <param index="1">
              <value>
                <![CDATA[b]]>
              </value>
            </param>
          </params>
          <reporter-output>
          </reporter-output>
        </test-method> <!-- testLogin -->
      </class> <!-- com.cognizant.session.third_batch_java.LoginTest -->
      <class name="tests.LoginTest">
        <test-method is-config="true" signature="setUp(org.testng.ITestContext)[pri:0, instance:tests.LoginTest@198b6731]" started-at="2025-10-25T21:10:03 IST" name="setUp" finished-at="2025-10-25T21:10:09 IST" duration-ms="6421" status="PASS">
          <params>
            <param index="0">
              <value>
                <![CDATA[org.testng.TestRunner@1f6d27cc]]>
              </value>
            </param>
          </params>
          <reporter-output>
          </reporter-output>
        </test-method> <!-- setUp -->
        <test-method signature="loginTest()[pri:0, instance:tests.LoginTest@198b6731]" started-at="2025-10-25T21:10:09 IST" name="loginTest" finished-at="2025-10-25T21:10:09 IST" duration-ms="306" status="PASS">
          <reporter-output>
          </reporter-output>
        </test-method> <!-- loginTest -->
        <test-method is-config="true" signature="tearDown()[pri:0, instance:tests.LoginTest@198b6731]" started-at="2025-10-25T21:10:09 IST" name="tearDown" finished-at="2025-10-25T21:10:11 IST" duration-ms="1178" status="PASS">
          <reporter-output>
          </reporter-output>
        </test-method> <!-- tearDown -->
        <test-method is-config="true" signature="setUp(org.testng.ITestContext)[pri:0, instance:tests.LoginTest@198b6731]" started-at="2025-10-25T21:10:11 IST" name="setUp" finished-at="2025-10-25T21:10:15 IST" duration-ms="4781" status="PASS">
          <params>
            <param index="0">
              <value>
                <![CDATA[org.testng.TestRunner@1f6d27cc]]>
              </value>
            </param>
          </params>
          <reporter-output>
          </reporter-output>
        </test-method> <!-- setUp -->
        <test-method signature="loginTestTwo()[pri:0, instance:tests.LoginTest@198b6731]" started-at="2025-10-25T21:10:15 IST" name="loginTestTwo" finished-at="2025-10-25T21:10:16 IST" duration-ms="253" status="PASS">
          <reporter-output>
          </reporter-output>
        </test-method> <!-- loginTestTwo -->
        <test-method is-config="true" signature="tearDown()[pri:0, instance:tests.LoginTest@198b6731]" started-at="2025-10-25T21:10:16 IST" name="tearDown" finished-at="2025-10-25T21:10:17 IST" duration-ms="947" status="PASS">
          <reporter-output>
          </reporter-output>
        </test-method> <!-- tearDown -->
      </class> <!-- tests.LoginTest -->
      <class name="com.cognizant.session.third_batch_java.LogTest">
        <test-method is-config="true" signature="setUp()[pri:0, instance:com.cognizant.session.third_batch_java.LogTest@7dc0f706]" started-at="2025-10-25T21:10:17 IST" name="setUp" finished-at="2025-10-25T21:10:21 IST" duration-ms="4300" status="PASS">
          <reporter-output>
          </reporter-output>
        </test-method> <!-- setUp -->
        <test-method signature="depand()[pri:0, instance:com.cognizant.session.third_batch_java.LogTest@7dc0f706]" started-at="2025-10-25T21:10:21 IST" name="depand" finished-at="2025-10-25T21:10:21 IST" duration-ms="14" status="SKIP">
          <exception class="org.testng.SkipException">
            <message>
              <![CDATA[Skipping this Test case as it is Google home page]]>
            </message>
            <full-stacktrace>
              <![CDATA[org.testng.SkipException: Skipping this Test case as it is Google home page
at com.cognizant.session.third_batch_java.LogTest.depand(LogTest.java:35)
at java.base/jdk.internal.reflect.DirectMethodHandleAccessor.invoke(DirectMethodHandleAccessor.java:103)
at java.base/java.lang.reflect.Method.invoke(Method.java:580)
at org.testng.internal.invokers.MethodInvocationHelper.invokeMethod(MethodInvocationHelper.java:139)
at org.testng.internal.invokers.TestInvoker.invokeMethod(TestInvoker.java:664)
at org.testng.internal.invokers.TestInvoker.invokeTestMethod(TestInvoker.java:228)
at org.testng.internal.invokers.MethodRunner.runInSequence(MethodRunner.java:63)
at org.testng.internal.invokers.TestInvoker$MethodInvocationAgent.invoke(TestInvoker.java:961)
at org.testng.internal.invokers.TestInvoker.invokeTestMethods(TestInvoker.java:201)
at org.testng.internal.invokers.TestMethodWorker.invokeTestMethods(TestMethodWorker.java:148)
at org.testng.internal.invokers.TestMethodWorker.run(TestMethodWorker.java:128)
at java.base/java.util.ArrayList.forEach(ArrayList.java:1597)
at org.testng.TestRunner.privateRun(TestRunner.java:819)
at org.testng.TestRunner.run(TestRunner.java:619)
at org.testng.SuiteRunner.runTest(SuiteRunner.java:443)
at org.testng.SuiteRunner.runSequentially(SuiteRunner.java:437)
at org.testng.SuiteRunner.privateRun(SuiteRunner.java:397)
at org.testng.SuiteRunner.run(SuiteRunner.java:336)
at org.testng.SuiteRunnerWorker.runSuite(SuiteRunnerWorker.java:52)
at org.testng.SuiteRunnerWorker.run(SuiteRunnerWorker.java:95)
at org.testng.TestNG.runSuitesSequentially(TestNG.java:1301)
at org.testng.TestNG.runSuitesLocally(TestNG.java:1228)
at org.testng.TestNG.runSuites(TestNG.java:1134)
at org.testng.TestNG.run(TestNG.java:1101)
at org.testng.remote.AbstractRemoteTestNG.run(AbstractRemoteTestNG.java:115)
at org.testng.remote.RemoteTestNG.initAndRun(RemoteTestNG.java:293)
at org.testng.remote.RemoteTestNG.main(RemoteTestNG.java:91)
]]>
            </full-stacktrace>
          </exception> <!-- org.testng.SkipException -->
          <reporter-output>
          </reporter-output>
        </test-method> <!-- depand -->
        <test-method signature="forgot()[pri:0, instance:com.cognizant.session.third_batch_java.LogTest@7dc0f706]" started-at="2025-10-25T21:10:21 IST" name="forgot" finished-at="2025-10-25T21:10:21 IST" duration-ms="7" status="PASS">
          <reporter-output>
          </reporter-output>
        </test-method> <!-- forgot -->
        <test-method signature="signUp()[pri:1, instance:com.cognizant.session.third_batch_java.LogTest@7dc0f706]" started-at="2025-10-25T21:10:21 IST" name="signUp" finished-at="2025-10-25T21:10:21 IST" duration-ms="1" status="PASS">
          <reporter-output>
          </reporter-output>
        </test-method> <!-- signUp -->
        <test-method signature="loginTest()[pri:2, instance:com.cognizant.session.third_batch_java.LogTest@7dc0f706]" started-at="2025-10-25T21:10:21 IST" name="loginTest" finished-at="2025-10-25T21:10:21 IST" duration-ms="0" status="PASS">
          <reporter-output>
          </reporter-output>
        </test-method> <!-- loginTest -->
        <test-method is-config="true" signature="tearDown()[pri:0, instance:com.cognizant.session.third_batch_java.LogTest@7dc0f706]" started-at="2025-10-25T21:10:21 IST" name="tearDown" finished-at="2025-10-25T21:10:22 IST" duration-ms="934" status="PASS">
          <reporter-output>
          </reporter-output>
        </test-method> <!-- tearDown -->
      </class> <!-- com.cognizant.session.third_batch_java.LogTest -->
    </test> <!-- FSTTests -->
  </suite> <!-- testSuite -->
</testng-results>
