<?xml version="1.0" encoding="UTF-8"?>
<testng-results ignored="0" total="3" passed="3" failed="0" skipped="0">
  <reporter-output>
  </reporter-output>
  <suite started-at="2025-10-16T22:06:54 IST" name="Default suite" finished-at="2025-10-16T22:09:48 IST" duration-ms="173669">
    <groups>
    </groups>
    <test started-at="2025-10-16T22:06:54 IST" name="Default test" finished-at="2025-10-16T22:09:48 IST" duration-ms="173669">
      <class name="tests.TestAmazonSearchFun">
        <test-method signature="testSearchBar(java.lang.String,java.lang.String)[pri:0, instance:tests.TestAmazonSearchFun@15de0b3c]" started-at="2025-10-16T22:06:54 IST" name="testSearchBar" data-provider="data" finished-at="2025-10-16T22:07:39 IST" duration-ms="44084" status="PASS">
          <params>
            <param index="0">
              <value>
                <![CDATA[Laptops]]>
              </value>
            </param>
            <param index="1">
              <value>
                <![CDATA[laptops]]>
              </value>
            </param>
          </params>
          <reporter-output>
          </reporter-output>
        </test-method> <!-- testSearchBar -->
        <test-method signature="testSearchBar(java.lang.String,java.lang.String)[pri:0, instance:tests.TestAmazonSearchFun@15de0b3c]" started-at="2025-10-16T22:07:39 IST" name="testSearchBar" data-provider="data" finished-at="2025-10-16T22:08:17 IST" duration-ms="38002" status="PASS">
          <params>
            <param index="0">
              <value>
                <![CDATA[Mobiles ]]>
              </value>
            </param>
            <param index="1">
              <value>
                <![CDATA[mobiles]]>
              </value>
            </param>
          </params>
          <reporter-output>
          </reporter-output>
        </test-method> <!-- testSearchBar -->
        <test-method signature="testSearchBar(java.lang.String,java.lang.String)[pri:0, instance:tests.TestAmazonSearchFun@15de0b3c]" started-at="2025-10-16T22:08:17 IST" name="testSearchBar" data-provider="data" finished-at="2025-10-16T22:09:48 IST" duration-ms="91095" status="PASS">
          <params>
            <param index="0">
              <value>
                <![CDATA[Watches]]>
              </value>
            </param>
            <param index="1">
              <value>
                <![CDATA[watches]]>
              </value>
            </param>
          </params>
          <reporter-output>
          </reporter-output>
        </test-method> <!-- testSearchBar -->
      </class> <!-- tests.TestAmazonSearchFun -->
    </test> <!-- Default test -->
  </suite> <!-- Default suite -->
</testng-results>
