<?xml version="1.0" encoding="UTF-8"?>
<!-- Generated by org.testng.reporters.JUnitXMLReporter -->
<testsuite ignored="0" hostname="LAPTOP-9FGJ2RIT" failures="0" tests="13" name="FSTTests" time="35.093" errors="0" timestamp="2025-10-25T20:35:18 IST">
  <testcase classname="tests.LoginTest" name="loginTest" time="0.28"/>
  <testcase classname="tests.LoginTest" name="loginTestTwo" time="0.259"/>
  <testcase classname="com.cognizant.session.third_batch_java.LoginTest" name="testLogin" time="0.021"/>
  <testcase classname="com.cognizant.session.third_batch_java.LoginTest" name="testLogin" time="0.021"/>
  <testcase classname="com.cognizant.session.third_batch_java.LoginTest" name="testLogin" time="0.023"/>
  <testcase classname="com.cognizant.session.third_batch_java.LoginTest" name="testLogin" time="0.022"/>
  <testcase classname="com.cognizant.session.third_batch_java.LoginTest" name="testLogin" time="0.024"/>
  <testcase classname="com.cognizant.session.third_batch_java.LoginTest" name="testLogin" time="0.03"/>
  <testcase classname="com.cognizant.session.third_batch_java.LoginTest" name="testLogin" time="0.031"/>
  <testcase classname="com.cognizant.session.third_batch_java.LogTest" name="depand" time="0.013">
    <skipped/>
  </testcase> <!-- depand -->
  <testcase classname="com.cognizant.session.third_batch_java.LogTest" name="forgot" time="0.004"/>
  <testcase classname="com.cognizant.session.third_batch_java.LogTest" name="signUp" time="0.001"/>
  <testcase classname="com.cognizant.session.third_batch_java.LogTest" name="loginTest" time="0.004"/>
</testsuite> <!-- FSTTests -->
